#
# There is insufficient memory for the Java Runtime Environment to continue.
# Native memory allocation (mmap) failed to map 134217728 bytes for G1 virtual space
# Possible reasons:
#   The system is out of physical RAM or swap space
#   The process is running with CompressedOops enabled, and the Java Heap may be blocking the growth of the native heap
# Possible solutions:
#   Reduce memory load on the system
#   Increase physical memory or swap space
#   Check if swap backing store is full
#   Decrease Java heap size (-Xmx/-Xms)
#   Decrease number of Java threads
#   Decrease Java thread stack sizes (-Xss)
#   Set larger code cache with -XX:ReservedCodeCacheSize=
#   JVM is running with Unscaled Compressed Oops mode in which the Java heap is
#     placed in the first 4GB address space. The Java Heap base address is the
#     maximum limit for the native heap growth. Please use -XX:HeapBaseMinAddress
#     to set the Java Heap base and to place the Java Heap above 4GB virtual address.
# This output file may be truncated or incomplete.
#
#  Out of Memory Error (./open/src/hotspot/os/windows/os_windows.cpp:3472), pid=12116, tid=18072
#
# JRE version:  (15.0+36) (build )
# Java VM: Java HotSpot(TM) 64-Bit Server VM (15+36-1562, mixed mode, sharing, tiered, compressed oops, g1 gc, windows-amd64)
# No core dump will be written. Minidumps are not enabled by default on client versions of Windows
#

---------------  S U M M A R Y ------------

Command Line: -Dclassworlds.conf=C:\Program Files\apache-maven-3.8.1\bin\..\bin\m2.conf -Dmaven.home=C:\Program Files\apache-maven-3.8.1\bin\.. -Dlibrary.jansi.path=C:\Program Files\apache-maven-3.8.1\bin\..\lib\jansi-native -Dmaven.multiModuleProjectDirectory=D:\BIRRecoveryServer org.codehaus.plexus.classworlds.launcher.Launcher clean install

Host: Intel(R) Core(TM) i5-4200U CPU @ 1.60GHz, 4 cores, 7G,  Windows 10 , 64 bit Build 19041 (10.0.19041.1151)
Time: Thu Aug 12 14:33:57 2021 Hor. Padrão Centro-oeste África elapsed time: 0.639307 seconds (0d 0h 0m 0s)

---------------  T H R E A D  ---------------

Current thread (0x00000202b4c13240):  JavaThread "Unknown thread" [_thread_in_vm, id=18072, stack(0x000000f0bc600000,0x000000f0bc700000)]

Stack: [0x000000f0bc600000,0x000000f0bc700000]
Native frames: (J=compiled Java code, j=interpreted, Vv=VM code, C=native code)
V  [jvm.dll+0x629eaa]
V  [jvm.dll+0x780379]
V  [jvm.dll+0x781ad3]
V  [jvm.dll+0x782133]
V  [jvm.dll+0x2159d5]
V  [jvm.dll+0x627299]
V  [jvm.dll+0x61bdd5]
V  [jvm.dll+0x2cf96d]
V  [jvm.dll+0x2cf7d2]
V  [jvm.dll+0x2d57ac]
V  [jvm.dll+0x32523a]
V  [jvm.dll+0x324904]
V  [jvm.dll+0x2a68ea]
V  [jvm.dll+0x2a7a88]
V  [jvm.dll+0x75d0f1]
V  [jvm.dll+0x333af4]
V  [jvm.dll+0x73d816]
V  [jvm.dll+0x3b68e7]
V  [jvm.dll+0x3b8371]
C  [jli.dll+0x52fb]
C  [ucrtbase.dll+0x21bb2]
C  [KERNEL32.DLL+0x17034]
C  [ntdll.dll+0x52651]


---------------  P R O C E S S  ---------------

Threads class SMR info:
_java_thread_list=0x00007ff891f52fa0, length=0, elements={
}

Java Threads: ( => current thread )

Other Threads:
  0x00000202b4c53b30 GCTaskThread "GC Thread#0" [stack: 0x000000f0bc700000,0x000000f0bc800000] [id=13268]
  0x00000202b4c65c10 ConcurrentGCThread "G1 Main Marker" [stack: 0x000000f0bc800000,0x000000f0bc900000] [id=23384]
  0x00000202b4c67fb0 ConcurrentGCThread "G1 Conc#0" [stack: 0x000000f0bc900000,0x000000f0bca00000] [id=12672]

[error occurred during error reporting (printing all threads), id 0xc0000005, EXCEPTION_ACCESS_VIOLATION (0xc0000005) at pc=0x00007ff8917477b7]

VM state: not at safepoint (not fully initialized)

VM Mutex/Monitor currently owned by a thread:  ([mutex/lock_event])
[0x00000202b4c10c50] Heap_lock - owner thread: 0x00000202b4c13240

Heap address: 0x0000000081000000, size: 2032 MB, Compressed Oops mode: 32-bit
CDS archive(s) mapped at: [0x0000000000000000-0x0000000000000000-0x0000000000000000), size 0, SharedBaseAddress: 0x0000000800000000, ArchiveRelocationMode: 0.
Narrow klass base: 0x0000000000000000, Narrow klass shift: 0, Narrow klass range: 0x0

Heap:
 garbage-first heap   total 131072K, used 0K [0x0000000081000000, 0x0000000100000000)
  region size 1024K, 0 young (0K), 0 survivors (0K)
 Metaspace       used 0K, capacity 0K, committed 0K, reserved 0K
  class space    used 0K, capacity 0K, committed 0K, reserved 0K

Heap Regions: E=young(eden), S=young(survivor), O=old, HS=humongous(starts), HC=humongous(continues), CS=collection set, F=free, OA=open archive, CA=closed archive, TAMS=top-at-mark-start (previous, next)

Card table byte_map: [0x00000202cc250000,0x00000202cc650000] _byte_map_base: 0x00000202cbe48000

Marking Bits (Prev, Next): (CMBitMap*) 0x00000202b4c543a0, (CMBitMap*) 0x00000202b4c543e0
 Prev Bits: [0x00000202cca50000, 0x00000202cea10000)
 Next Bits: [0x00000202cea10000, 0x00000202d09d0000)

GC Heap History (0 events):
No events

Deoptimization events (0 events):
No events

Classes unloaded (0 events):
No events

Classes redefined (0 events):
No events

Internal exceptions (0 events):
No events

Events (1 events):
Event: 0.042 Loaded shared library C:\Program Files\Java\jdk-15\bin\java.dll


Dynamic libraries:
0x00007ff7aa290000 - 0x00007ff7aa29f000 	C:\Program Files\Java\jdk-15\bin\java.exe
0x00007ff8e77d0000 - 0x00007ff8e79c5000 	C:\WINDOWS\SYSTEM32\ntdll.dll
0x00007ff8e5920000 - 0x00007ff8e59dd000 	C:\WINDOWS\System32\KERNEL32.DLL
0x00007ff8e5360000 - 0x00007ff8e5629000 	C:\WINDOWS\System32\KERNELBASE.dll
0x00007ff8e4ff0000 - 0x00007ff8e50f0000 	C:\WINDOWS\System32\ucrtbase.dll
0x00007ff8ccc50000 - 0x00007ff8ccc69000 	C:\Program Files\Java\jdk-15\bin\VCRUNTIME140.dll
0x00007ff8d3f40000 - 0x00007ff8d3f58000 	C:\Program Files\Java\jdk-15\bin\jli.dll
0x00007ff8e6320000 - 0x00007ff8e63cc000 	C:\WINDOWS\System32\ADVAPI32.dll
0x00007ff8e7540000 - 0x00007ff8e75de000 	C:\WINDOWS\System32\msvcrt.dll
0x00007ff8e74a0000 - 0x00007ff8e753b000 	C:\WINDOWS\System32\sechost.dll
0x00007ff8e6f20000 - 0x00007ff8e704a000 	C:\WINDOWS\System32\RPCRT4.dll
0x00007ff8e6180000 - 0x00007ff8e6320000 	C:\WINDOWS\System32\USER32.dll
0x00007ff8e57e0000 - 0x00007ff8e5802000 	C:\WINDOWS\System32\win32u.dll
0x00007ff8e73c0000 - 0x00007ff8e73ea000 	C:\WINDOWS\System32\GDI32.dll
0x00007ff8d7320000 - 0x00007ff8d75ba000 	C:\WINDOWS\WinSxS\amd64_microsoft.windows.common-controls_6595b64144ccf1df_6.0.19041.1110_none_60b5254171f9507e\COMCTL32.dll
0x00007ff8e5810000 - 0x00007ff8e591b000 	C:\WINDOWS\System32\gdi32full.dll
0x00007ff8e52c0000 - 0x00007ff8e535d000 	C:\WINDOWS\System32\msvcp_win.dll
0x00007ff8d66d0000 - 0x00007ff8d66da000 	C:\WINDOWS\SYSTEM32\VERSION.dll
0x00007ff8e6ce0000 - 0x00007ff8e6d10000 	C:\WINDOWS\System32\IMM32.DLL
0x00007ff8db4f0000 - 0x00007ff8db4fc000 	C:\Program Files\Java\jdk-15\bin\vcruntime140_1.dll
0x00007ff8b93e0000 - 0x00007ff8b9471000 	C:\Program Files\Java\jdk-15\bin\msvcp140.dll
0x00007ff891490000 - 0x00007ff891fec000 	C:\Program Files\Java\jdk-15\bin\server\jvm.dll
0x00007ff8e6cd0000 - 0x00007ff8e6cd8000 	C:\WINDOWS\System32\PSAPI.DLL
0x00007ff8d9410000 - 0x00007ff8d9437000 	C:\WINDOWS\SYSTEM32\WINMM.dll
0x00007ff8d18a0000 - 0x00007ff8d18a9000 	C:\WINDOWS\SYSTEM32\WSOCK32.dll
0x00007ff8e64c0000 - 0x00007ff8e652b000 	C:\WINDOWS\System32\WS2_32.dll
0x00007ff8e2ec0000 - 0x00007ff8e2ed2000 	C:\WINDOWS\SYSTEM32\kernel.appcore.dll
0x00007ff8db4c0000 - 0x00007ff8db4ca000 	C:\Program Files\Java\jdk-15\bin\jimage.dll
0x00007ff8d1ff0000 - 0x00007ff8d21d4000 	C:\WINDOWS\SYSTEM32\DBGHELP.DLL
0x00007ff8d1bf0000 - 0x00007ff8d1c1c000 	C:\WINDOWS\SYSTEM32\dbgcore.DLL
0x00007ff8e5120000 - 0x00007ff8e51a3000 	C:\WINDOWS\System32\bcryptPrimitives.dll
0x00007ff8c5580000 - 0x00007ff8c55a5000 	C:\Program Files\Java\jdk-15\bin\java.dll

dbghelp: loaded successfully - version: 4.0.5 - missing functions: none
symbol engine: initialized successfully - sym options: 0x614 - pdb path: .;C:\Program Files\Java\jdk-15\bin;C:\WINDOWS\SYSTEM32;C:\WINDOWS\WinSxS\amd64_microsoft.windows.common-controls_6595b64144ccf1df_6.0.19041.1110_none_60b5254171f9507e;C:\Program Files\Java\jdk-15\bin\server

VM Arguments:
jvm_args: -Dclassworlds.conf=C:\Program Files\apache-maven-3.8.1\bin\..\bin\m2.conf -Dmaven.home=C:\Program Files\apache-maven-3.8.1\bin\.. -Dlibrary.jansi.path=C:\Program Files\apache-maven-3.8.1\bin\..\lib\jansi-native -Dmaven.multiModuleProjectDirectory=D:\BIRRecoveryServer 
java_command: org.codehaus.plexus.classworlds.launcher.Launcher clean install
java_class_path (initial): C:\Program Files\apache-maven-3.8.1\bin\..\boot\plexus-classworlds-2.6.0.jar
Launcher Type: SUN_STANDARD

[Global flags]
     intx CICompilerCount                          = 3                                         {product} {ergonomic}
     uint ConcGCThreads                            = 1                                         {product} {ergonomic}
     uint G1ConcRefinementThreads                  = 4                                         {product} {ergonomic}
   size_t G1HeapRegionSize                         = 1048576                                   {product} {ergonomic}
    uintx GCDrainStackTargetSize                   = 64                                        {product} {ergonomic}
   size_t InitialHeapSize                          = 134217728                                 {product} {ergonomic}
   size_t MarkStackSize                            = 4194304                                   {product} {ergonomic}
   size_t MaxHeapSize                              = 2130706432                                {product} {ergonomic}
   size_t MinHeapDeltaBytes                        = 1048576                                   {product} {ergonomic}
   size_t MinHeapSize                              = 8388608                                   {product} {ergonomic}
    uintx NonNMethodCodeHeapSize                   = 5832780                                {pd product} {ergonomic}
    uintx NonProfiledCodeHeapSize                  = 122912730                              {pd product} {ergonomic}
    uintx ProfiledCodeHeapSize                     = 122912730                              {pd product} {ergonomic}
    uintx ReservedCodeCacheSize                    = 251658240                              {pd product} {ergonomic}
     bool SegmentedCodeCache                       = true                                      {product} {ergonomic}
   size_t SoftMaxHeapSize                          = 2130706432                             {manageable} {ergonomic}
     bool UseCompressedClassPointers               = true                                 {lp64_product} {ergonomic}
     bool UseCompressedOops                        = true                                 {lp64_product} {ergonomic}
     bool UseG1GC                                  = true                                      {product} {ergonomic}
     bool UseLargePagesIndividualAllocation        = false                                  {pd product} {ergonomic}

Logging:
Log output configuration:
 #0: stdout all=warning uptime,level,tags
 #1: stderr all=off uptime,level,tags

Environment Variables:
JAVA_HOME=C:\Program Files\Java\jdk-15\
PATH=C:\Program Files (x86)\Common Files\Oracle\Java\javapath;C:\Python39\Scripts\;C:\Python39\;C:\Program Files\Common Files\Oracle\Java\javapath;C:\WINDOWS\system32;C:\WINDOWS;C:\WINDOWS\System32\Wbem;C:\WINDOWS\System32\WindowsPowerShell\v1.0\;C:\Program Files (x86)\Bitvise SSH Client;C:\Program Files\Git\cmd\;C:\Program Files\Java\jdk-15\\bin\;C:\Program Files\apache-maven-3.8.1\\bin\;C:\Program Files\apache-maven-3.8.1\\bin\;C:\Program Files (x86)\Windows Kits\10\Windows Performance Toolkit\;C:\WINDOWS\System32\OpenSSH\;C:\Program Files\dotnet\;C:\Program Files\Go\bin;C:\Program Files\Docker\Docker\resources\bin;C:\ProgramData\DockerDesktop\version-bin;C:\Program Files\nodejs\;C:\Program Files\MySQL\MySQL Shell 8.0\bin\;C:\Users\Alexandre\AppData\Local\Programs\Microsoft VS Code\bin;C:\Users\Alexandre\AppData\Local\Microsoft\WindowsApps;C:\Users\Alexandre\.dotnet\tools;C:\Program Files\heroku\bin;C:\Program Files\JetBrains\IntelliJ IDEA Community Edition 2019.2\bin;C:\Program Files\JetBrains\IntelliJ IDEA Educational Edition 2021.1.1\bin;C:\Program Files\JetBrains\IntelliJ IDEA 2021.1.2\bin;C:\Users\Alexandre\go\bin;C:\Users\Alexandre\AppData\Local\JetBrains\GoLand 2021.1.3\bin;C:\Users\Alexandre\AppData\Roaming\npm
USERNAME=Alexandre
OS=Windows_NT
PROCESSOR_IDENTIFIER=Intel64 Family 6 Model 69 Stepping 1, GenuineIntel



---------------  S Y S T E M  ---------------

OS:
 Windows 10 , 64 bit Build 19041 (10.0.19041.1151)
OS uptime: 4 days 23:08 hours
HyperV virtualization detected

CPU: total 4 (initial active 4) (2 cores per cpu, 2 threads per core) family 6 model 69 stepping 1, cmov, cx8, fxsr, mmx, sse, sse2, sse3, ssse3, sse4.1, sse4.2, popcnt, vzeroupper, avx, avx2, aes, clmul, erms, lzcnt, ht, tsc, tscinvbit, bmi1, bmi2, fma, clflush

Memory: 4k page, system-wide physical 8122M (825M free)
TotalPageFile size 32698M (AvailPageFile size 83M)
current process WorkingSet (physical memory assigned to process): 10M, peak: 10M
current process commit charge ("private bytes"): 51M, peak: 179M

vm_info: Java HotSpot(TM) 64-Bit Server VM (15+36-1562) for windows-amd64 JRE (15+36-1562), built on Aug 11 2020 22:38:02 by "mach5one" with unknown MS VC++:1925

END.
